mode: atomic
mappers/mappers/ble/config/config.go:49.32,58.16 8 1
mappers/mappers/ble/config/config.go:61.2,61.45 1 1
mappers/mappers/ble/config/config.go:64.2,64.43 1 1
mappers/mappers/ble/config/config.go:68.2,68.23 1 1
mappers/mappers/ble/config/config.go:58.16,60.3 1 0
mappers/mappers/ble/config/config.go:61.45,63.3 1 0
mappers/mappers/ble/config/config.go:64.43,66.3 1 0
mappers/mappers/ble/config/config.go:72.37,80.50 7 1
mappers/mappers/ble/config/config.go:83.2,83.12 1 1
mappers/mappers/ble/config/config.go:80.50,82.3 1 0
mappers/mappers/ble/configmap/parse.go:34.46,38.16 3 1
mappers/mappers/ble/configmap/parse.go:42.2,42.64 1 1
mappers/mappers/ble/configmap/parse.go:46.2,46.58 1 1
mappers/mappers/ble/configmap/parse.go:124.2,124.55 1 1
mappers/mappers/ble/configmap/parse.go:128.2,128.52 1 1
mappers/mappers/ble/configmap/parse.go:131.2,131.12 1 1
mappers/mappers/ble/configmap/parse.go:38.16,40.3 1 0
mappers/mappers/ble/configmap/parse.go:42.64,44.3 1 0
mappers/mappers/ble/configmap/parse.go:46.58,49.52 3 1
mappers/mappers/ble/configmap/parse.go:55.3,55.40 1 1
mappers/mappers/ble/configmap/parse.go:60.3,60.49 1 1
mappers/mappers/ble/configmap/parse.go:64.3,64.55 1 1
mappers/mappers/ble/configmap/parse.go:91.3,91.44 1 1
mappers/mappers/ble/configmap/parse.go:105.3,105.55 1 1
mappers/mappers/ble/configmap/parse.go:119.3,121.54 3 1
mappers/mappers/ble/configmap/parse.go:49.52,50.64 1 1
mappers/mappers/ble/configmap/parse.go:50.64,52.10 2 1
mappers/mappers/ble/configmap/parse.go:55.40,58.4 2 0
mappers/mappers/ble/configmap/parse.go:60.49,61.12 1 0
mappers/mappers/ble/configmap/parse.go:64.55,68.56 4 1
mappers/mappers/ble/configmap/parse.go:85.4,85.44 1 1
mappers/mappers/ble/configmap/parse.go:68.56,69.56 1 1
mappers/mappers/ble/configmap/parse.go:69.56,71.72 2 1
mappers/mappers/ble/configmap/parse.go:78.6,78.60 1 1
mappers/mappers/ble/configmap/parse.go:82.6,82.11 1 1
mappers/mappers/ble/configmap/parse.go:71.72,72.75 1 1
mappers/mappers/ble/configmap/parse.go:72.75,74.13 2 1
mappers/mappers/ble/configmap/parse.go:78.60,81.7 2 0
mappers/mappers/ble/configmap/parse.go:85.44,88.5 2 0
mappers/mappers/ble/configmap/parse.go:91.44,94.55 3 1
mappers/mappers/ble/configmap/parse.go:100.4,100.43 1 1
mappers/mappers/ble/configmap/parse.go:94.55,95.58 1 1
mappers/mappers/ble/configmap/parse.go:95.58,97.11 2 1
mappers/mappers/ble/configmap/parse.go:100.43,102.5 1 0
mappers/mappers/ble/configmap/parse.go:105.55,108.55 3 0
mappers/mappers/ble/configmap/parse.go:114.4,114.43 1 0
mappers/mappers/ble/configmap/parse.go:108.55,109.58 1 0
mappers/mappers/ble/configmap/parse.go:109.58,111.11 2 0
mappers/mappers/ble/configmap/parse.go:114.43,116.5 1 0
mappers/mappers/ble/configmap/parse.go:124.55,126.3 1 1
mappers/mappers/ble/configmap/parse.go:128.52,130.3 1 1
