mode: atomic
github.com/kubeedge/mappers-go/mappers/opcua/config/config.go:49.32,58.16 8 1
github.com/kubeedge/mappers-go/mappers/opcua/config/config.go:61.2,61.45 1 1
github.com/kubeedge/mappers-go/mappers/opcua/config/config.go:64.2,64.43 1 1
github.com/kubeedge/mappers-go/mappers/opcua/config/config.go:68.2,68.23 1 1
github.com/kubeedge/mappers-go/mappers/opcua/config/config.go:58.16,60.3 1 0
github.com/kubeedge/mappers-go/mappers/opcua/config/config.go:61.45,63.3 1 0
github.com/kubeedge/mappers-go/mappers/opcua/config/config.go:64.43,66.3 1 0
github.com/kubeedge/mappers-go/mappers/opcua/config/config.go:72.37,82.58 7 1
github.com/kubeedge/mappers-go/mappers/opcua/config/config.go:86.2,86.12 1 1
github.com/kubeedge/mappers-go/mappers/opcua/config/config.go:82.58,84.3 1 0
github.com/kubeedge/mappers-go/mappers/opcua/driver/client.go:50.52,52.16 2 0
github.com/kubeedge/mappers-go/mappers/opcua/driver/client.go:56.2,56.34 1 0
github.com/kubeedge/mappers-go/mappers/opcua/driver/client.go:52.16,54.3 1 0
github.com/kubeedge/mappers-go/mappers/opcua/driver/client.go:60.69,63.27 3 0
github.com/kubeedge/mappers-go/mappers/opcua/driver/client.go:85.2,86.38 2 0
github.com/kubeedge/mappers-go/mappers/opcua/driver/client.go:89.2,89.37 1 0
github.com/kubeedge/mappers-go/mappers/opcua/driver/client.go:63.27,71.3 1 0
github.com/kubeedge/mappers-go/mappers/opcua/driver/client.go:71.8,71.30 1 0
github.com/kubeedge/mappers-go/mappers/opcua/driver/client.go:71.30,73.17 2 0
github.com/kubeedge/mappers-go/mappers/opcua/driver/client.go:77.3,80.4 1 0
github.com/kubeedge/mappers-go/mappers/opcua/driver/client.go:73.17,75.4 1 0
github.com/kubeedge/mappers-go/mappers/opcua/driver/client.go:81.8,83.3 1 0
github.com/kubeedge/mappers-go/mappers/opcua/driver/client.go:86.38,88.3 1 0
github.com/kubeedge/mappers-go/mappers/opcua/driver/client.go:94.42,96.2 1 0
github.com/kubeedge/mappers-go/mappers/opcua/driver/client.go:98.42,99.18 1 0
github.com/kubeedge/mappers-go/mappers/opcua/driver/client.go:100.24,101.38 1 0
github.com/kubeedge/mappers-go/mappers/opcua/driver/client.go:102.92,103.20 1 0
github.com/kubeedge/mappers-go/mappers/opcua/driver/client.go:104.70,105.40 1 0
github.com/kubeedge/mappers-go/mappers/opcua/driver/client.go:106.72,107.42 1 0
github.com/kubeedge/mappers-go/mappers/opcua/driver/client.go:108.27,109.32 1 0
github.com/kubeedge/mappers-go/mappers/opcua/driver/client.go:110.39,111.53 1 0
github.com/kubeedge/mappers-go/mappers/opcua/driver/client.go:112.10,113.12 1 0
github.com/kubeedge/mappers-go/mappers/opcua/driver/client.go:118.70,120.16 2 0
github.com/kubeedge/mappers-go/mappers/opcua/driver/client.go:125.2,136.16 3 0
github.com/kubeedge/mappers-go/mappers/opcua/driver/client.go:140.2,140.43 1 0
github.com/kubeedge/mappers-go/mappers/opcua/driver/client.go:144.2,144.50 1 0
github.com/kubeedge/mappers-go/mappers/opcua/driver/client.go:120.16,123.3 2 0
github.com/kubeedge/mappers-go/mappers/opcua/driver/client.go:136.16,139.3 2 0
github.com/kubeedge/mappers-go/mappers/opcua/driver/client.go:140.43,143.3 2 0
github.com/kubeedge/mappers-go/mappers/opcua/driver/client.go:148.84,150.16 2 0
github.com/kubeedge/mappers-go/mappers/opcua/driver/client.go:155.2,156.16 2 0
github.com/kubeedge/mappers-go/mappers/opcua/driver/client.go:161.2,175.16 3 0
github.com/kubeedge/mappers-go/mappers/opcua/driver/client.go:179.2,180.37 2 0
github.com/kubeedge/mappers-go/mappers/opcua/driver/client.go:150.16,153.3 2 0
github.com/kubeedge/mappers-go/mappers/opcua/driver/client.go:156.16,159.3 2 0
github.com/kubeedge/mappers-go/mappers/opcua/driver/client.go:175.16,178.3 2 0
github.com/kubeedge/mappers-go/mappers/opcua/configmap/parse.go:33.52,37.16 3 1
github.com/kubeedge/mappers-go/mappers/opcua/configmap/parse.go:41.2,41.64 1 1
github.com/kubeedge/mappers-go/mappers/opcua/configmap/parse.go:45.2,45.58 1 1
github.com/kubeedge/mappers-go/mappers/opcua/configmap/parse.go:123.2,123.55 1 1
github.com/kubeedge/mappers-go/mappers/opcua/configmap/parse.go:127.2,127.52 1 1
github.com/kubeedge/mappers-go/mappers/opcua/configmap/parse.go:130.2,130.12 1 1
github.com/kubeedge/mappers-go/mappers/opcua/configmap/parse.go:37.16,39.3 1 0
github.com/kubeedge/mappers-go/mappers/opcua/configmap/parse.go:41.64,43.3 1 0
github.com/kubeedge/mappers-go/mappers/opcua/configmap/parse.go:45.58,48.52 3 1
github.com/kubeedge/mappers-go/mappers/opcua/configmap/parse.go:54.3,54.40 1 1
github.com/kubeedge/mappers-go/mappers/opcua/configmap/parse.go:59.3,59.45 1 1
github.com/kubeedge/mappers-go/mappers/opcua/configmap/parse.go:63.3,63.55 1 1
github.com/kubeedge/mappers-go/mappers/opcua/configmap/parse.go:90.3,90.44 1 1
github.com/kubeedge/mappers-go/mappers/opcua/configmap/parse.go:104.3,104.55 1 1
github.com/kubeedge/mappers-go/mappers/opcua/configmap/parse.go:118.3,120.54 3 1
github.com/kubeedge/mappers-go/mappers/opcua/configmap/parse.go:48.52,49.64 1 1
github.com/kubeedge/mappers-go/mappers/opcua/configmap/parse.go:49.64,51.10 2 1
github.com/kubeedge/mappers-go/mappers/opcua/configmap/parse.go:54.40,57.4 2 0
github.com/kubeedge/mappers-go/mappers/opcua/configmap/parse.go:59.45,60.12 1 0
github.com/kubeedge/mappers-go/mappers/opcua/configmap/parse.go:63.55,67.56 4 2
github.com/kubeedge/mappers-go/mappers/opcua/configmap/parse.go:84.4,84.44 1 2
github.com/kubeedge/mappers-go/mappers/opcua/configmap/parse.go:67.56,68.56 1 2
github.com/kubeedge/mappers-go/mappers/opcua/configmap/parse.go:68.56,70.72 2 2
github.com/kubeedge/mappers-go/mappers/opcua/configmap/parse.go:77.6,77.60 1 2
github.com/kubeedge/mappers-go/mappers/opcua/configmap/parse.go:81.6,81.11 1 2
github.com/kubeedge/mappers-go/mappers/opcua/configmap/parse.go:70.72,71.75 1 3
github.com/kubeedge/mappers-go/mappers/opcua/configmap/parse.go:71.75,73.13 2 2
github.com/kubeedge/mappers-go/mappers/opcua/configmap/parse.go:77.60,80.7 2 0
github.com/kubeedge/mappers-go/mappers/opcua/configmap/parse.go:84.44,87.5 2 0
github.com/kubeedge/mappers-go/mappers/opcua/configmap/parse.go:90.44,93.55 3 2
github.com/kubeedge/mappers-go/mappers/opcua/configmap/parse.go:99.4,99.43 1 2
github.com/kubeedge/mappers-go/mappers/opcua/configmap/parse.go:93.55,94.58 1 3
github.com/kubeedge/mappers-go/mappers/opcua/configmap/parse.go:94.58,96.11 2 2
github.com/kubeedge/mappers-go/mappers/opcua/configmap/parse.go:99.43,101.5 1 0
github.com/kubeedge/mappers-go/mappers/opcua/configmap/parse.go:104.55,107.55 3 0
github.com/kubeedge/mappers-go/mappers/opcua/configmap/parse.go:113.4,113.43 1 0
github.com/kubeedge/mappers-go/mappers/opcua/configmap/parse.go:107.55,108.58 1 0
github.com/kubeedge/mappers-go/mappers/opcua/configmap/parse.go:108.58,110.11 2 0
github.com/kubeedge/mappers-go/mappers/opcua/configmap/parse.go:113.43,115.5 1 0
github.com/kubeedge/mappers-go/mappers/opcua/configmap/parse.go:123.55,125.3 1 1
github.com/kubeedge/mappers-go/mappers/opcua/configmap/parse.go:127.52,129.3 1 1
