mode: atomic
mappers/mappers/modbus/config/config.go:49.32,58.16 8 1
mappers/mappers/modbus/config/config.go:61.2,61.45 1 1
mappers/mappers/modbus/config/config.go:64.2,64.43 1 1
mappers/mappers/modbus/config/config.go:68.2,68.23 1 1
mappers/mappers/modbus/config/config.go:58.16,60.3 1 0
mappers/mappers/modbus/config/config.go:61.45,63.3 1 0
mappers/mappers/modbus/config/config.go:64.43,66.3 1 0
mappers/mappers/modbus/config/config.go:72.37,81.50 7 1
mappers/mappers/modbus/config/config.go:84.2,84.12 1 1
mappers/mappers/modbus/config/config.go:81.50,83.3 1 0
mappers/mappers/modbus/driver/client.go:64.51,67.37 2 0
mappers/mappers/modbus/driver/client.go:71.2,71.20 1 0
mappers/mappers/modbus/driver/client.go:75.2,81.16 7 0
mappers/mappers/modbus/driver/client.go:67.37,69.3 1 0
mappers/mappers/modbus/driver/client.go:71.20,73.3 1 0
mappers/mappers/modbus/driver/client.go:84.51,85.50 1 0
mappers/mappers/modbus/driver/client.go:89.2,89.20 1 0
mappers/mappers/modbus/driver/client.go:93.2,104.16 12 0
mappers/mappers/modbus/driver/client.go:85.50,87.3 1 0
mappers/mappers/modbus/driver/client.go:89.20,91.3 1 0
mappers/mappers/modbus/driver/client.go:109.59,110.28 1 0
mappers/mappers/modbus/driver/client.go:111.17,112.30 1 0
mappers/mappers/modbus/driver/client.go:113.17,114.30 1 0
mappers/mappers/modbus/driver/client.go:115.10,116.58 1 0
mappers/mappers/modbus/driver/client.go:122.43,127.16 4 0
mappers/mappers/modbus/driver/client.go:130.2,130.21 1 0
mappers/mappers/modbus/driver/client.go:127.16,129.3 1 0
mappers/mappers/modbus/driver/client.go:134.107,138.22 3 0
mappers/mappers/modbus/driver/client.go:150.2,151.21 2 0
mappers/mappers/modbus/driver/client.go:139.22,140.52 1 0
mappers/mappers/modbus/driver/client.go:141.31,142.61 1 0
mappers/mappers/modbus/driver/client.go:143.25,144.63 1 0
mappers/mappers/modbus/driver/client.go:145.23,146.61 1 0
mappers/mappers/modbus/driver/client.go:147.10,148.46 1 0
mappers/mappers/modbus/driver/client.go:155.104,161.22 4 0
mappers/mappers/modbus/driver/client.go:178.2,179.21 2 0
mappers/mappers/modbus/driver/client.go:162.22,164.16 2 0
mappers/mappers/modbus/driver/client.go:172.3,172.58 1 0
mappers/mappers/modbus/driver/client.go:173.25,174.59 1 0
mappers/mappers/modbus/driver/client.go:175.10,176.46 1 0
mappers/mappers/modbus/driver/client.go:165.10,166.21 1 0
mappers/mappers/modbus/driver/client.go:167.10,168.21 1 0
mappers/mappers/modbus/driver/client.go:169.11,170.41 1 0
mappers/mappers/modbus/driver/client.go:183.32,185.13 2 0
mappers/mappers/modbus/driver/client.go:193.2,193.10 1 0
mappers/mappers/modbus/driver/client.go:186.14,187.10 1 0
mappers/mappers/modbus/driver/client.go:188.13,189.10 1 0
mappers/mappers/modbus/driver/client.go:190.10,191.10 1 0
mappers/mappers/modbus/configmap/parse.go:34.46,38.16 3 2
mappers/mappers/modbus/configmap/parse.go:42.2,42.64 1 2
mappers/mappers/modbus/configmap/parse.go:46.2,46.58 1 1
mappers/mappers/modbus/configmap/parse.go:124.2,124.55 1 1
mappers/mappers/modbus/configmap/parse.go:128.2,128.52 1 1
mappers/mappers/modbus/configmap/parse.go:131.2,131.12 1 1
mappers/mappers/modbus/configmap/parse.go:38.16,40.3 1 0
mappers/mappers/modbus/configmap/parse.go:42.64,44.3 1 1
mappers/mappers/modbus/configmap/parse.go:46.58,49.52 3 1
mappers/mappers/modbus/configmap/parse.go:55.3,55.40 1 1
mappers/mappers/modbus/configmap/parse.go:60.3,60.46 1 1
mappers/mappers/modbus/configmap/parse.go:64.3,64.55 1 1
mappers/mappers/modbus/configmap/parse.go:91.3,91.44 1 1
mappers/mappers/modbus/configmap/parse.go:105.3,105.55 1 1
mappers/mappers/modbus/configmap/parse.go:119.3,121.54 3 1
mappers/mappers/modbus/configmap/parse.go:49.52,50.64 1 1
mappers/mappers/modbus/configmap/parse.go:50.64,52.10 2 1
mappers/mappers/modbus/configmap/parse.go:55.40,58.4 2 0
mappers/mappers/modbus/configmap/parse.go:60.46,61.12 1 0
mappers/mappers/modbus/configmap/parse.go:64.55,68.56 4 2
mappers/mappers/modbus/configmap/parse.go:85.4,85.44 1 2
mappers/mappers/modbus/configmap/parse.go:68.56,69.56 1 2
mappers/mappers/modbus/configmap/parse.go:69.56,71.72 2 2
mappers/mappers/modbus/configmap/parse.go:78.6,78.60 1 2
mappers/mappers/modbus/configmap/parse.go:82.6,82.11 1 2
mappers/mappers/modbus/configmap/parse.go:71.72,72.75 1 3
mappers/mappers/modbus/configmap/parse.go:72.75,74.13 2 2
mappers/mappers/modbus/configmap/parse.go:78.60,81.7 2 0
mappers/mappers/modbus/configmap/parse.go:85.44,88.5 2 0
mappers/mappers/modbus/configmap/parse.go:91.44,94.55 3 1
mappers/mappers/modbus/configmap/parse.go:100.4,100.43 1 1
mappers/mappers/modbus/configmap/parse.go:94.55,95.58 1 2
mappers/mappers/modbus/configmap/parse.go:95.58,97.11 2 1
mappers/mappers/modbus/configmap/parse.go:100.43,102.5 1 0
mappers/mappers/modbus/configmap/parse.go:105.55,108.55 3 0
mappers/mappers/modbus/configmap/parse.go:114.4,114.43 1 0
mappers/mappers/modbus/configmap/parse.go:108.55,109.58 1 0
mappers/mappers/modbus/configmap/parse.go:109.58,111.11 2 0
mappers/mappers/modbus/configmap/parse.go:114.43,116.5 1 0
mappers/mappers/modbus/configmap/parse.go:124.55,126.3 1 1
mappers/mappers/modbus/configmap/parse.go:128.52,130.3 1 1
